Last metadata expiration check: 0:03:12 ago on Fri Feb  9 09:29:39 2024.
Dependencies resolved.
================================================================================
 Package             Arch      Version                     Repository      Size
================================================================================
Installing:
 git                 x86_64    2.40.1-1.amzn2023.0.1       amazonlinux     57 k
Installing dependencies:
 git-core            x86_64    2.40.1-1.amzn2023.0.1       amazonlinux    4.3 M
 git-core-doc        noarch    2.40.1-1.amzn2023.0.1       amazonlinux    2.6 M
 perl-Error          noarch    1:0.17029-5.amzn2023.0.2    amazonlinux     41 k
 perl-File-Find      noarch    1.37-477.amzn2023.0.6       amazonlinux     26 k
 perl-Git            noarch    2.40.1-1.amzn2023.0.1       amazonlinux     45 k
 perl-TermReadKey    x86_64    2.38-9.amzn2023.0.2         amazonlinux     36 k
 perl-lib            x86_64    0.65-477.amzn2023.0.6       amazonlinux     15 k

Transaction Summary
================================================================================
Install  8 Packages

Total download size: 7.1 M
Installed size: 34 M
Downloading Packages:
(1/8): perl-TermReadKey-2.38-9.amzn2023.0.2.x86 654 kB/s |  36 kB     00:00    
(2/8): perl-lib-0.65-477.amzn2023.0.6.x86_64.rp 258 kB/s |  15 kB     00:00    
(3/8): git-2.40.1-1.amzn2023.0.1.x86_64.rpm     4.3 MB/s |  57 kB     00:00    
(4/8): perl-File-Find-1.37-477.amzn2023.0.6.noa 1.8 MB/s |  26 kB     00:00    
(5/8): perl-Error-0.17029-5.amzn2023.0.2.noarch 2.6 MB/s |  41 kB     00:00    
(6/8): git-core-doc-2.40.1-1.amzn2023.0.1.noarc  44 MB/s | 2.6 MB     00:00    
(7/8): perl-Git-2.40.1-1.amzn2023.0.1.noarch.rp 1.0 MB/s |  45 kB     00:00    
(8/8): git-core-2.40.1-1.amzn2023.0.1.x86_64.rp  24 MB/s | 4.3 MB     00:00    
--------------------------------------------------------------------------------
Total                                            30 MB/s | 7.1 MB     00:00     
Running transaction check
Transaction check succeeded.
Running transaction test
Transaction test succeeded.
Running transaction
  Preparing        :                                                        1/1 
  Installing       : git-core-2.40.1-1.amzn2023.0.1.x86_64                  1/8 
  Installing       : git-core-doc-2.40.1-1.amzn2023.0.1.noarch              2/8 
  Installing       : perl-Error-1:0.17029-5.amzn2023.0.2.noarch             3/8 
  Installing       : perl-File-Find-1.37-477.amzn2023.0.6.noarch            4/8 
  Installing       : perl-lib-0.65-477.amzn2023.0.6.x86_64                  5/8 
  Installing       : perl-TermReadKey-2.38-9.amzn2023.0.2.x86_64            6/8 
  Installing       : perl-Git-2.40.1-1.amzn2023.0.1.noarch                  7/8 
  Installing       : git-2.40.1-1.amzn2023.0.1.x86_64                       8/8 
  Running scriptlet: git-2.40.1-1.amzn2023.0.1.x86_64                       8/8 
  Verifying        : git-core-2.40.1-1.amzn2023.0.1.x86_64                  1/8 
  Verifying        : perl-TermReadKey-2.38-9.amzn2023.0.2.x86_64            2/8 
  Verifying        : perl-lib-0.65-477.amzn2023.0.6.x86_64                  3/8 
  Verifying        : git-2.40.1-1.amzn2023.0.1.x86_64                       4/8 
  Verifying        : perl-File-Find-1.37-477.amzn2023.0.6.noarch            5/8 
  Verifying        : git-core-doc-2.40.1-1.amzn2023.0.1.noarch              6/8 
  Verifying        : perl-Error-1:0.17029-5.amzn2023.0.2.noarch             7/8 
  Verifying        : perl-Git-2.40.1-1.amzn2023.0.1.noarch                  8/8 

Installed:
  git-2.40.1-1.amzn2023.0.1.x86_64                                              
  git-core-2.40.1-1.amzn2023.0.1.x86_64                                         
  git-core-doc-2.40.1-1.amzn2023.0.1.noarch                                     
  perl-Error-1:0.17029-5.amzn2023.0.2.noarch                                    
  perl-File-Find-1.37-477.amzn2023.0.6.noarch                                   
  perl-Git-2.40.1-1.amzn2023.0.1.noarch                                         
  perl-TermReadKey-2.38-9.amzn2023.0.2.x86_64                                   
  perl-lib-0.65-477.amzn2023.0.6.x86_64                                         

Complete!
